<?xml version="1.0" encoding="UTF-8"?>
<!-- Generated by org.testng.reporters.JUnitReportReporter -->
<testsuite hostname="Shanab" failures="0" tests="2" name="test.Test1" time="0.598" errors="0" timestamp="2023-05-22T19:34:07 EET" skipped="0">
  <testcase classname="test.Test1" name="high_to_low" time="0.324"/>
  <system-out/>
  <testcase classname="test.Test1" name="low_to_high" time="0.274"/>
  <system-out/>
</testsuite> <!-- test.Test1 -->
